[21:46:53] [main/INFO] (FabricLoader) Loading for game Minecraft 1.15.2
[21:46:53] [main/INFO] (Fabric|Loader) [FabricLoader] Loading 34 mods: fabric-renderer-api-v1@0.2.10+f08b61330c, minecraft@1.15.2, fabric-networking-blockentity-v0@0.2.3+e08a73050c, fabric-keybindings-v0@0.1.1+dfdb52d60c, fabricloader@0.8.2+build.194, fabric-renderer-indigo@0.2.23+9290e2ed0c, fabric-containers-v0@0.1.3+b7f9825d0c, fabric-dimensions-v1@0.3.0+2ad156310c, fabric-biomes-v1@0.1.5+3b05f68e0c, fabric-crash-report-info-v1@0.1.2+b7f9825d0c, fabric-events-interaction-v0@0.3.0+fac69e320c, fabric-api-base@0.1.2+b7f9825d0c, fabric-rendering-v0@1.1.0+534104900c, fabric-rendering-v1@0.1.0+534104900c, fabric-rendering-data-attachment-v1@0.1.3+b7f9825d0c, fabric-resource-loader-v0@0.1.10+06c939b30c, fabric-textures-v0@1.0.4+821cdba70c, craftable_saddle@${version}, fabric-content-registries-v0@0.1.3+b7f9825d0c, fabric-tag-extensions-v0@0.1.3+abd915800c, fabric-rendering-fluids-v1@0.1.6+12515ed90c, fabric-registry-sync-v0@0.2.6+f3d8141b0c, fabric-commands-v0@0.1.2+b7f9825d0c, fabric-blockrenderlayer-v1@1.1.4+c6a8ea890c, fabric-mining-levels-v0@0.1.1+b7f9825d0c, fabric-renderer-registries-v1@2.0.1+5a0f9a600c, fabric-events-lifecycle-v0@0.1.2+b7f9825d0c, fabric-loot-tables-v1@0.1.5+e08a73050c, fabric@0.5.1+build.294-1.15, fabric-item-groups-v0@0.1.6+ec40b2e10c, fabric-particles-v1@0.1.1+dfdb52d60c, fabric-models-v0@0.1.0+dfdb52d60c, fabric-object-builders-v0@0.1.3+e4c9a9c30c, fabric-networking-v0@0.1.7+12515ed90c
[21:46:53] [main/WARN] (Fabric|Loader) Mod `craftable_saddle` (${version}) does not respect SemVer - comparison support is limited.
[21:46:53] [main/INFO] (mixin) SpongePowered MIXIN Subsystem Version=0.8 Source=file:/home/eblahay/.gradle/caches/modules-2/files-2.1/net.fabricmc/sponge-mixin/0.8+build.18/af077ad2845a00cde186fa2c99c4dd32bd2a2766/sponge-mixin-0.8+build.18.jar Service=Knot/Fabric Env=CLIENT
[21:46:54] [main/INFO] (Fabric|MixinBootstrap) Loaded Fabric development mappings for mixin remapper!
[21:46:54] [main/INFO] (mixin) Remapping refMap fabric-networking-v0-refmap.json using remapper chain
[21:46:54] [main/INFO] (mixin) Remapping refMap fabric-networking-blockentity-v0-refmap.json using remapper chain
[21:46:54] [main/INFO] (mixin) Remapping refMap fabric-biomes-v1-refmap.json using remapper chain
[21:46:54] [main/INFO] (mixin) Remapping refMap fabric-mining-levels-v0-refmap.json using remapper chain
[21:46:54] [main/INFO] (mixin) Remapping refMap fabric-containers-v0-refmap.json using remapper chain
[21:46:54] [main/INFO] (mixin) Remapping refMap fabric-renderer-indigo-refmap.json using remapper chain
[21:46:54] [main/INFO] (mixin) Remapping refMap fabric-rendering-data-attachment-v1-refmap.json using remapper chain
[21:46:54] [main/INFO] (mixin) Remapping refMap fabric-events-interaction-v0-refmap.json using remapper chain
[21:46:54] [main/INFO] (mixin) Remapping refMap fabric-loot-tables-v1-refmap.json using remapper chain
[21:46:54] [main/INFO] (mixin) Remapping refMap fabric-dimensions-v1-refmap.json using remapper chain
[21:46:54] [main/INFO] (mixin) Remapping refMap fabric-renderer-registries-v1-refmap.json using remapper chain
[21:46:54] [main/INFO] (mixin) Remapping refMap fabric-textures-v0-refmap.json using remapper chain
[21:46:54] [main/INFO] (mixin) Remapping refMap fabric-registry-sync-v0-refmap.json using remapper chain
[21:46:54] [main/INFO] (mixin) Remapping refMap fabric-models-v0-refmap.json using remapper chain
[21:46:54] [main/INFO] (mixin) Remapping refMap fabric-keybindings-v0-refmap.json using remapper chain
[21:46:54] [main/INFO] (mixin) Remapping refMap fabric-blockrenderlayer-v1-refmap.json using remapper chain
[21:46:54] [main/INFO] (mixin) Remapping refMap fabric-renderer-api-v1-refmap.json using remapper chain
[21:46:54] [main/INFO] (mixin) Remapping refMap fabric-containers-v0-refmap.json using remapper chain
[21:46:54] [main/INFO] (mixin) Remapping refMap fabric-events-lifecycle-v0-refmap.json using remapper chain
[21:46:54] [main/INFO] (mixin) Remapping refMap fabric-rendering-fluids-v1-refmap.json using remapper chain
[21:46:54] [main/INFO] (mixin) Remapping refMap fabric-resource-loader-v0-refmap.json using remapper chain
[21:46:54] [main/INFO] (mixin) Remapping refMap fabric-particles-v1-refmap.json using remapper chain
[21:46:54] [main/INFO] (mixin) Remapping refMap fabric-object-builders-refmap.json using remapper chain
[21:46:54] [main/INFO] (mixin) Remapping refMap fabric-tag-extensions-v0-refmap.json using remapper chain
[21:46:54] [main/INFO] (mixin) Remapping refMap fabric-rendering-v1-refmap.json using remapper chain
[21:46:54] [main/INFO] (mixin) Remapping refMap fabric-item-groups-v0-refmap.json using remapper chain
[21:46:54] [main/INFO] (mixin) Remapping refMap fabric-content-registries-v0-refmap.json using remapper chain
[21:46:54] [main/INFO] (mixin) Remapping refMap fabric-crash-report-info-v1-refmap.json using remapper chain
[21:46:54] [main/INFO] (mixin) Remapping refMap fabric-commands-v0-refmap.json using remapper chain
[21:46:54] [main/INFO] (mixin) Remapping refMap fabric-renderer-api-v1-refmap.json using remapper chain
[21:46:56] [main/INFO] (Minecraft) Setting user: Player852
[21:47:01] [main/INFO] (Indigo) [Indigo] Registering Indigo renderer!
[21:47:02] [main/INFO] (Minecraft) Backend library: LWJGL version 3.2.2 build 10
[21:47:08] [main/INFO] (Minecraft) Narrator library successfully loaded
[21:47:08] [main/INFO] (Minecraft) Reloading ResourceManager: Default, Fabric Renderer API (v1), Fabric Networking Block Entity (v0), Fabric Key Bindings (v0), Fabric Renderer - Indigo, Fabric Containers (v0), Fabric Biomes (v1), Fabric Crash Report Info (v1), Fabric Events Interaction (v0), Fabric API Base, Fabric Rendering (v0), Fabric Rendering (v1), Fabric Rendering Data Attachment (v1), Fabric Resource Loader (v0), Fabric Textures (v0), Craftable Saddle, Fabric Content Registries (v0), Fabric Tag Extensions (v0), Fabric Rendering Fluids (v1), Fabric Registry Sync (v0), Fabric Commands (v0), Fabric BlockRenderLayer Registration (v1), Fabric Mining Levels (v0), Fabric Renderer Registries (v1), Fabric Events Lifecycle (v0), Fabric Loot Tables (v1), Fabric API, Fabric Item Groups (v0), Fabric Models (v0), Fabric Object Builders (v0), Fabric Networking (v0)
[21:47:12] [Realms Notification Availability checker #1/INFO] (Minecraft) Could not authorize you against Realms server: Invalid session id
[21:47:37] [main/INFO] (Minecraft) OpenAL initialized.
[21:47:37] [main/INFO] (Minecraft) Sound engine started
[21:47:38] [main/INFO] (Minecraft) Created: 1024x1024x4 minecraft:textures/atlas/blocks.png-atlas
[21:47:38] [main/INFO] (Minecraft) Created: 256x128x4 minecraft:textures/atlas/signs.png-atlas
[21:47:38] [main/INFO] (Minecraft) Created: 1024x512x4 minecraft:textures/atlas/banner_patterns.png-atlas
[21:47:38] [main/INFO] (Minecraft) Created: 1024x512x4 minecraft:textures/atlas/shield_patterns.png-atlas
[21:47:38] [main/INFO] (Minecraft) Created: 256x256x4 minecraft:textures/atlas/chest.png-atlas
[21:47:38] [main/INFO] (Minecraft) Created: 512x256x4 minecraft:textures/atlas/beds.png-atlas
[21:47:38] [main/INFO] (Minecraft) Created: 512x256x4 minecraft:textures/atlas/shulker_boxes.png-atlas
[21:47:38] [main/INFO] (Minecraft) Created: 256x256x0 minecraft:textures/atlas/particles.png-atlas
[21:47:38] [main/INFO] (Minecraft) Created: 256x256x0 minecraft:textures/atlas/paintings.png-atlas
[21:47:38] [main/INFO] (Minecraft) Created: 256x128x0 minecraft:textures/atlas/mob_effects.png-atlas
[21:47:58] [main/WARN] (Minecraft) Ambiguity between arguments [teleport, destination] and [teleport, targets] with inputs: [Player, 0123, @e, dd12be42-52a9-4a91-a8a1-11c01849e498]
[21:47:58] [main/WARN] (Minecraft) Ambiguity between arguments [teleport, location] and [teleport, destination] with inputs: [0.1 -0.5 .9, 0 0 0]
[21:47:58] [main/WARN] (Minecraft) Ambiguity between arguments [teleport, location] and [teleport, targets] with inputs: [0.1 -0.5 .9, 0 0 0]
[21:47:58] [main/WARN] (Minecraft) Ambiguity between arguments [teleport, targets] and [teleport, destination] with inputs: [Player, 0123, dd12be42-52a9-4a91-a8a1-11c01849e498]
[21:47:58] [main/WARN] (Minecraft) Ambiguity between arguments [teleport, targets, location] and [teleport, targets, destination] with inputs: [0.1 -0.5 .9, 0 0 0]
[21:47:58] [Server thread/INFO] (Minecraft) Starting integrated minecraft server version 1.15.2
[21:47:58] [Server thread/INFO] (Minecraft) Generating keypair
[21:47:58] [Server thread/INFO] (Minecraft) [fabric-registry-sync] Loaded registry data [file 1/4]
[21:47:58] [Server thread/INFO] (Minecraft) Found new data pack fabric/craftable_saddle, loading it automatically
[21:47:58] [Server thread/INFO] (Minecraft) Found new data pack fabric/fabric-mining-levels-v0, loading it automatically
[21:47:58] [Server thread/INFO] (Minecraft) Found new data pack vanilla, loading it automatically
[21:47:58] [Server thread/INFO] (Minecraft) Reloading ResourceManager: Default, Craftable Saddle, Fabric Mining Levels (v0)
[21:48:00] [Server thread/INFO] (Minecraft) Loaded 6 recipes
[21:48:01] [Server thread/INFO] (Minecraft) Loaded 825 advancements
[21:48:03] [Server thread/INFO] (Minecraft) Preparing start region for dimension minecraft:overworld
[21:48:03] [main/INFO] (Minecraft) Preparing spawn area: 0%
[21:48:04] [main/INFO] (Minecraft) Preparing spawn area: 0%
[21:48:05] [main/INFO] (Minecraft) Preparing spawn area: 0%
[21:48:05] [main/INFO] (Minecraft) Preparing spawn area: 0%
[21:48:05] [main/INFO] (Minecraft) Preparing spawn area: 0%
[21:48:06] [main/INFO] (Minecraft) Preparing spawn area: 0%
[21:48:06] [main/INFO] (Minecraft) Preparing spawn area: 14%
[21:48:09] [main/INFO] (Minecraft) Preparing spawn area: 14%
[21:48:09] [main/INFO] (Minecraft) Preparing spawn area: 14%
[21:48:09] [main/INFO] (Minecraft) Preparing spawn area: 14%
[21:48:09] [main/INFO] (Minecraft) Preparing spawn area: 14%
[21:48:09] [main/INFO] (Minecraft) Preparing spawn area: 14%
[21:48:09] [main/INFO] (Minecraft) Preparing spawn area: 14%
[21:48:10] [main/INFO] (Minecraft) Preparing spawn area: 61%
[21:48:10] [main/INFO] (Minecraft) Preparing spawn area: 65%
[21:48:11] [main/INFO] (Minecraft) Preparing spawn area: 68%
[21:48:11] [main/INFO] (Minecraft) Preparing spawn area: 72%
[21:48:12] [main/INFO] (Minecraft) Preparing spawn area: 76%
[21:48:12] [main/INFO] (Minecraft) Preparing spawn area: 76%
[21:48:14] [main/INFO] (Minecraft) Preparing spawn area: 84%
[21:48:14] [main/INFO] (Minecraft) Preparing spawn area: 84%
[21:48:14] [main/INFO] (Minecraft) Preparing spawn area: 84%
[21:48:14] [main/INFO] (Minecraft) Preparing spawn area: 84%
[21:48:14] [main/INFO] (Minecraft) Time elapsed: 11028 ms
[21:48:14] [Server thread/INFO] (Minecraft) Changing view distance to 11, from 10
[21:48:16] [Server thread/INFO] (Minecraft) Player852[local:E:94aaa74d] logged in with entity id 25 at (-86.5, 4.0, 249.5)
[21:48:16] [Server thread/INFO] (Minecraft) Player852 joined the game
[21:48:16] [Server thread/INFO] (Minecraft) Saving and pausing game...
[21:48:16] [Server thread/INFO] (Minecraft) Saving chunks for level 'New World'/minecraft:the_nether
[21:48:16] [Server thread/INFO] (Minecraft) Saving chunks for level 'New World'/minecraft:overworld
[21:48:17] [main/INFO] (Minecraft) Loaded 0 advancements
[21:48:17] [Server thread/INFO] (Minecraft) Saving chunks for level 'New World'/minecraft:the_end
[21:48:23] [Server thread/INFO] (Minecraft) Saving and pausing game...
[21:48:23] [Server thread/INFO] (Minecraft) Saving chunks for level 'New World'/minecraft:the_nether
[21:48:23] [Server thread/INFO] (Minecraft) Saving chunks for level 'New World'/minecraft:overworld
[21:48:24] [Server thread/INFO] (Minecraft) Saving chunks for level 'New World'/minecraft:the_end
[21:48:49] [main/INFO] (Minecraft) Reloading ResourceManager: Default, Fabric Renderer API (v1), Fabric Networking Block Entity (v0), Fabric Key Bindings (v0), Fabric Renderer - Indigo, Fabric Containers (v0), Fabric Biomes (v1), Fabric Crash Report Info (v1), Fabric Events Interaction (v0), Fabric API Base, Fabric Rendering (v0), Fabric Rendering (v1), Fabric Rendering Data Attachment (v1), Fabric Resource Loader (v0), Fabric Textures (v0), Craftable Saddle, Fabric Content Registries (v0), Fabric Tag Extensions (v0), Fabric Rendering Fluids (v1), Fabric Registry Sync (v0), Fabric Commands (v0), Fabric BlockRenderLayer Registration (v1), Fabric Mining Levels (v0), Fabric Renderer Registries (v1), Fabric Events Lifecycle (v0), Fabric Loot Tables (v1), Fabric API, Fabric Item Groups (v0), Fabric Models (v0), Fabric Object Builders (v0), Fabric Networking (v0)
[21:48:55] [main/INFO] (Minecraft) OpenAL initialized.
[21:48:55] [main/INFO] (Minecraft) Sound engine started
[21:48:55] [main/INFO] (Minecraft) Created: 1024x1024x3 minecraft:textures/atlas/blocks.png-atlas
[21:48:55] [main/INFO] (Minecraft) Created: 256x128x3 minecraft:textures/atlas/signs.png-atlas
[21:48:55] [main/INFO] (Minecraft) Created: 1024x512x3 minecraft:textures/atlas/banner_patterns.png-atlas
[21:48:55] [main/INFO] (Minecraft) Created: 1024x512x3 minecraft:textures/atlas/shield_patterns.png-atlas
[21:48:55] [main/INFO] (Minecraft) Created: 256x256x3 minecraft:textures/atlas/chest.png-atlas
[21:48:55] [main/INFO] (Minecraft) Created: 512x256x3 minecraft:textures/atlas/beds.png-atlas
[21:48:55] [main/INFO] (Minecraft) Created: 512x256x3 minecraft:textures/atlas/shulker_boxes.png-atlas
[21:48:56] [main/INFO] (Minecraft) Created: 256x256x0 minecraft:textures/atlas/particles.png-atlas
[21:48:56] [main/INFO] (Minecraft) Created: 256x256x0 minecraft:textures/atlas/paintings.png-atlas
[21:48:56] [main/INFO] (Minecraft) Created: 256x128x0 minecraft:textures/atlas/mob_effects.png-atlas
[21:49:52] [main/INFO] (Minecraft) Loaded 3 advancements
[21:49:53] [main/INFO] (Minecraft) Loaded 4 advancements
[21:49:56] [main/INFO] (Minecraft) Loaded 5 advancements
[21:49:58] [main/INFO] (Minecraft) Loaded 6 advancements
[21:49:59] [main/INFO] (Minecraft) Loaded 7 advancements
[21:50:00] [main/INFO] (Minecraft) Loaded 8 advancements
[21:50:03] [main/INFO] (Minecraft) Loaded 11 advancements
[21:50:19] [main/INFO] (Minecraft) Loaded 18 advancements
[21:50:24] [Server thread/INFO] (Minecraft) Player852 has made the advancement [Acquire Hardware]
[21:50:24] [main/INFO] (Minecraft) [CHAT] Player852 has made the advancement [Acquire Hardware]
[21:50:24] [main/INFO] (Minecraft) Loaded 47 advancements
[21:50:39] [main/INFO] (Minecraft) Loaded 53 advancements
[21:51:11] [main/INFO] (Minecraft) Loaded 54 advancements
[21:52:21] [Server thread/INFO] (Minecraft) Player852 has made the advancement [Best Friends Forever]
[21:52:21] [main/INFO] (Minecraft) [CHAT] Player852 has made the advancement [Best Friends Forever]
[21:52:21] [main/INFO] (Minecraft) Loaded 57 advancements
[21:54:45] [Server thread/INFO] (Minecraft) [Player852: Removed 3 items from player Player852]
[21:54:45] [main/INFO] (Minecraft) [CHAT] Removed 3 items from player Player852
[21:55:14] [Server thread/INFO] (Minecraft) Saving and pausing game...
[21:55:14] [Server thread/INFO] (Minecraft) Saving chunks for level 'New World'/minecraft:the_nether
[21:55:14] [Server thread/INFO] (Minecraft) Saving chunks for level 'New World'/minecraft:overworld
[21:55:14] [Server thread/INFO] (Minecraft) Saving chunks for level 'New World'/minecraft:the_end
[21:55:14] [Server thread/INFO] (Minecraft) Player852 lost connection: Disconnected
[21:55:14] [Server thread/INFO] (Minecraft) Player852 left the game
[21:55:14] [Server thread/INFO] (Minecraft) Stopping singleplayer server as player logged out
[21:55:15] [Server thread/INFO] (Minecraft) Stopping server
[21:55:15] [Server thread/INFO] (Minecraft) Saving players
[21:55:15] [Server thread/INFO] (Minecraft) Saving worlds
[21:55:15] [Server thread/INFO] (Minecraft) Saving chunks for level 'New World'/minecraft:the_nether
[21:55:15] [Server thread/INFO] (Minecraft) ThreadedAnvilChunkStorage (DIM-1): All chunks are saved
[21:55:15] [Server thread/INFO] (Minecraft) Saving chunks for level 'New World'/minecraft:overworld
[21:55:15] [Server thread/INFO] (Minecraft) ThreadedAnvilChunkStorage (New World): All chunks are saved
[21:55:15] [Server thread/INFO] (Minecraft) Saving chunks for level 'New World'/minecraft:the_end
[21:55:15] [Server thread/INFO] (Minecraft) ThreadedAnvilChunkStorage (DIM1): All chunks are saved
[21:55:15] [Server thread/INFO] (Minecraft) ThreadedAnvilChunkStorage (DIM-1): All chunks are saved
[21:55:15] [Server thread/INFO] (Minecraft) ThreadedAnvilChunkStorage (New World): All chunks are saved
[21:55:15] [Server thread/INFO] (Minecraft) ThreadedAnvilChunkStorage (DIM1): All chunks are saved
[21:55:16] [main/INFO] (Minecraft) Stopping!
